2025-11-11 15:13:22 - INFO - o.h.validator.internal.util.Version - HV000001: Hibernate Validator 8.0.2.Final
2025-11-11 15:13:22 - INFO - c.a.AddVenture.AddVentureApplication - Starting AddVentureApplication using Java 17.0.12 with PID 18584 (C:\Users\JOSLUY\Downloads\AddVenture - VF1.0\AddVenture-Light\target\classes started by JOSLUY in C:\Users\JOSLUY\Downloads\AddVenture - VF1.0\AddVenture-Light)
2025-11-11 15:13:22 - DEBUG - c.a.AddVenture.AddVentureApplication - Running with Spring Boot v3.5.0, Spring v6.2.7
2025-11-11 15:13:22 - INFO - c.a.AddVenture.AddVentureApplication - No active profile set, falling back to 1 default profile: "default"
2025-11-11 15:13:22 - INFO - o.s.b.d.e.DevToolsPropertyDefaultsPostProcessor - Devtools property defaults active! Set 'spring.devtools.add-properties' to 'false' to disable
2025-11-11 15:13:22 - INFO - o.s.b.d.e.DevToolsPropertyDefaultsPostProcessor - For additional web related logging consider setting the 'logging.level.web' property to 'DEBUG'
2025-11-11 15:13:25 - INFO - o.s.d.r.c.RepositoryConfigurationDelegate - Bootstrapping Spring Data JPA repositories in DEFAULT mode.
2025-11-11 15:13:25 - INFO - o.s.d.r.c.RepositoryConfigurationDelegate - Finished Spring Data repository scanning in 188 ms. Found 9 JPA repository interfaces.
2025-11-11 15:13:26 - INFO - o.s.b.w.e.tomcat.TomcatWebServer - Tomcat initialized with port 8080 (http)
2025-11-11 15:13:26 - INFO - o.a.coyote.http11.Http11NioProtocol - Initializing ProtocolHandler ["http-nio-8080"]
2025-11-11 15:13:26 - INFO - o.a.catalina.core.StandardService - Starting service [Tomcat]
2025-11-11 15:13:26 - INFO - o.a.catalina.core.StandardEngine - Starting Servlet engine: [Apache Tomcat/10.1.41]
2025-11-11 15:13:26 - INFO - o.a.c.c.C.[Tomcat].[localhost].[/] - Initializing Spring embedded WebApplicationContext
2025-11-11 15:13:26 - INFO - o.s.b.w.s.c.ServletWebServerApplicationContext - Root WebApplicationContext: initialization completed in 3632 ms
2025-11-11 15:13:26 - INFO - o.h.jpa.internal.util.LogHelper - HHH000204: Processing PersistenceUnitInfo [name: default]
2025-11-11 15:13:27 - INFO - org.hibernate.Version - HHH000412: Hibernate ORM core version 6.6.15.Final
2025-11-11 15:13:27 - INFO - o.h.c.i.RegionFactoryInitiator - HHH000026: Second-level cache disabled
2025-11-11 15:13:27 - INFO - o.s.o.j.p.SpringPersistenceUnitInfo - No LoadTimeWeaver setup: ignoring JPA class transformer
2025-11-11 15:13:27 - INFO - com.zaxxer.hikari.HikariDataSource - HikariPool-1 - Starting...
2025-11-11 15:13:28 - INFO - com.zaxxer.hikari.pool.HikariPool - HikariPool-1 - Added connection com.mysql.cj.jdbc.ConnectionImpl@364145df
2025-11-11 15:13:28 - INFO - com.zaxxer.hikari.HikariDataSource - HikariPool-1 - Start completed.
2025-11-11 15:13:28 - WARN - org.hibernate.orm.deprecation - HHH90000025: MySQL8Dialect does not need to be specified explicitly using 'hibernate.dialect' (remove the property setting and it will be selected by default)
2025-11-11 15:13:28 - WARN - org.hibernate.orm.deprecation - HHH90000026: MySQL8Dialect has been deprecated; use org.hibernate.dialect.MySQLDialect instead
2025-11-11 15:13:28 - INFO - o.hibernate.orm.connections.pooling - HHH10001005: Database info:
	Database JDBC URL [Connecting through datasource 'HikariDataSource (HikariPool-1)']
	Database driver: undefined/unknown
	Database version: 8.0
	Autocommit mode: undefined/unknown
	Isolation level: undefined/unknown
	Minimum pool size: undefined/unknown
	Maximum pool size: undefined/unknown
2025-11-11 15:13:30 - INFO - o.h.e.t.j.p.i.JtaPlatformInitiator - HHH000489: No JTA platform available (set 'hibernate.transaction.jta.platform' to enable JTA platform integration)
2025-11-11 15:13:30 - INFO - o.s.o.j.LocalContainerEntityManagerFactoryBean - Initialized JPA EntityManagerFactory for persistence unit 'default'
2025-11-11 15:13:31 - INFO - o.s.d.j.r.query.QueryEnhancerFactory - Hibernate is in classpath; If applicable, HQL parser will be used.
2025-11-11 15:13:33 - WARN - o.s.b.a.o.j.JpaBaseConfiguration$JpaWebConfiguration - spring.jpa.open-in-view is enabled by default. Therefore, database queries may be performed during view rendering. Explicitly configure spring.jpa.open-in-view to disable this warning
2025-11-11 15:13:33 - INFO - o.s.b.a.w.s.WelcomePageHandlerMapping - Adding welcome page template: index
2025-11-11 15:13:33 - INFO - o.s.s.c.a.a.c.InitializeAuthenticationProviderBeanManagerConfigurer$InitializeAuthenticationProviderManagerConfigurer - Global AuthenticationManager configured with AuthenticationProvider bean with name authenticationProvider
2025-11-11 15:13:33 - WARN - o.s.s.c.a.a.c.InitializeUserDetailsBeanManagerConfigurer$InitializeUserDetailsManagerConfigurer - Global AuthenticationManager configured with an AuthenticationProvider bean. UserDetailsService beans will not be used by Spring Security for automatically configuring username/password login. Consider removing the AuthenticationProvider bean. Alternatively, consider using the UserDetailsService in a manually instantiated DaoAuthenticationProvider. If the current configuration is intentional, to turn off this warning, increase the logging level of 'org.springframework.security.config.annotation.authentication.configuration.InitializeUserDetailsBeanManagerConfigurer' to ERROR
2025-11-11 15:13:34 - INFO - o.s.b.d.a.OptionalLiveReloadServer - LiveReload server is running on port 35729
2025-11-11 15:13:34 - INFO - o.a.coyote.http11.Http11NioProtocol - Starting ProtocolHandler ["http-nio-8080"]
2025-11-11 15:13:34 - INFO - o.s.b.w.e.tomcat.TomcatWebServer - Tomcat started on port 8080 (http) with context path '/'
2025-11-11 15:13:34 - INFO - c.a.AddVenture.AddVentureApplication - Started AddVentureApplication in 12.339 seconds (process running for 13.146)
2025-11-11 15:13:44 - INFO - o.a.c.c.C.[Tomcat].[localhost].[/] - Initializing Spring DispatcherServlet 'dispatcherServlet'
2025-11-11 15:13:44 - INFO - o.s.web.servlet.DispatcherServlet - Initializing Servlet 'dispatcherServlet'
2025-11-11 15:13:44 - INFO - o.s.web.servlet.DispatcherServlet - Completed initialization in 4 ms
